2024-11-24 00:55:28,905 [INFO] Flask app initialized.
2024-11-24 00:55:28,941 [INFO] [31m[1mWARNING: This is a development server. Do not use it in a production deployment. Use a production WSGI server instead.[0m
 * Running on all addresses (0.0.0.0)
 * Running on http://127.0.0.1:5000
 * Running on http://192.168.1.40:5000
2024-11-24 00:55:28,941 [INFO] [33mPress CTRL+C to quit[0m
2024-11-24 00:55:28,943 [INFO]  * Restarting with stat
2024-11-24 00:55:29,108 [INFO] Flask app initialized.
2024-11-24 00:55:29,125 [WARNING]  * Debugger is active!
2024-11-24 00:55:29,130 [INFO]  * Debugger PIN: 351-652-179
2024-11-24 00:55:33,114 [INFO] 127.0.0.1 - - [24/Nov/2024 00:55:33] "[35m[1mPOST /process_java_files HTTP/1.1[0m" 500 -
2024-11-24 00:57:05,508 [INFO]  * Detected change in 'c:\\Users\\anish\\OneDrive\\Documents\\GitHub\\hackaTUM-2024\\API_Backend.py', reloading
2024-11-24 00:57:05,537 [INFO]  * Restarting with stat
2024-11-24 00:57:05,719 [INFO] Flask app initialized.
2024-11-24 00:57:05,734 [WARNING]  * Debugger is active!
2024-11-24 00:57:05,737 [INFO]  * Debugger PIN: 351-652-179
2024-11-24 00:57:08,329 [DEBUG] Received request data: {'files': [{'relativePath': '/home/aman/IdeaProjects/untitled/src/RandomMain.java', 'content': 'public class RandomMain {\n\n    private int id;\n    private String name;\n\n    // Default constructor\n    public RandomMain() {\n        this.id = 0;\n        this.name = "Default Name";\n    }\n\n    // Parameterized constructor\n    public RandomMain(int id, String name) {\n        this.id = id;\n        this.name = name;\n    }\n\n    // Getter for id\n    public int getId() {\n        return id;\n    }\n\n    // Setter for id\n    public void setId(int id) {\n        this.id = id;\n    }\n\n    // Getter for name\n    public String getName() {\n        return name;\n    }\n\n    // Setter for name\n    public void setName(String name) {\n        this.name = name;\n    }\n\n    // Method to display object details\n    public void displayDetails() {\n        System.out.println("ID: " + id + ", Name: " + name);\n    }\n\n    // Static method for utility purpose\n    public static int addNumbers(int a, int b) {\n        return a + b;\n    }\n\n    // Main method for quick testing\n    public static void main(String[] args) {\n        RandomMain test = new RandomMain(1, "Test Object");\n        test.displayDetails();\n\n        System.out.println("Sum of 5 and 10: " + RandomMain.addNumbers(5, 10));\n    }\n}\n'}, {'relativePath': '/home/aman/IdeaProjects/untitled/src/Main.java', 'content': '//TIP To <b>Run</b> code, press <shortcut actionId="Run"/> or\n// click the <icon src="AllIcons.Actions.Execute"/> icon in the gutter.\npublic class Main {\n    public static void main(String[] args) {\n        //TIP Press <shortcut actionId="ShowIntentionActions"/> with your caret at the highlighted text\n        // to see how IntelliJ IDEA suggests fixing it.\n        System.out.printf("Hello and welcome!");\n\n        for (int i = 1; i <= 5; i++) {\n            //TIP Press <shortcut actionId="Debug"/> to start debugging your code. We have set one <icon src="AllIcons.Debugger.Db_set_breakpoint"/> breakpoint\n            // for you, but you can always add more by pressing <shortcut actionId="ToggleLineBreakpoint"/>.\n            System.out.println("i = " + i);\n        }\n    }\n}'}]}
2024-11-24 00:57:08,330 [ERROR] Error occurred: 'contents'
2024-11-24 00:57:08,330 [INFO] 127.0.0.1 - - [24/Nov/2024 00:57:08] "[35m[1mPOST /process_java_files HTTP/1.1[0m" 500 -
2024-11-24 00:58:13,926 [INFO]  * Detected change in 'c:\\Users\\anish\\OneDrive\\Documents\\GitHub\\hackaTUM-2024\\API_Backend.py', reloading
2024-11-24 00:58:13,956 [INFO]  * Restarting with stat
2024-11-24 00:58:14,184 [INFO] Flask app initialized.
2024-11-24 00:58:14,204 [WARNING]  * Debugger is active!
2024-11-24 00:58:14,206 [INFO]  * Debugger PIN: 351-652-179
2024-11-24 00:58:47,884 [INFO]  * Detected change in 'c:\\Users\\anish\\OneDrive\\Documents\\GitHub\\hackaTUM-2024\\API_Backend.py', reloading
2024-11-24 00:58:47,926 [INFO]  * Restarting with stat
2024-11-24 00:58:48,117 [INFO] Flask app initialized.
2024-11-24 00:58:48,133 [WARNING]  * Debugger is active!
2024-11-24 00:58:48,136 [INFO]  * Debugger PIN: 351-652-179
2024-11-24 00:58:55,724 [INFO] Flask app initialized.
2024-11-24 00:58:55,752 [INFO] [31m[1mWARNING: This is a development server. Do not use it in a production deployment. Use a production WSGI server instead.[0m
 * Running on all addresses (0.0.0.0)
 * Running on http://127.0.0.1:5000
 * Running on http://192.168.1.40:5000
2024-11-24 00:58:55,753 [INFO] [33mPress CTRL+C to quit[0m
2024-11-24 00:58:55,754 [INFO]  * Restarting with stat
2024-11-24 00:58:55,929 [INFO] Flask app initialized.
2024-11-24 00:58:55,946 [WARNING]  * Debugger is active!
2024-11-24 00:58:55,949 [INFO]  * Debugger PIN: 351-652-179
2024-11-24 00:58:58,586 [DEBUG] Received request data: {'files': [{'relativePath': '/home/aman/IdeaProjects/untitled/src/RandomMain.java', 'content': 'public class RandomMain {\n\n    private int id;\n    private String name;\n\n    // Default constructor\n    public RandomMain() {\n        this.id = 0;\n        this.name = "Default Name";\n    }\n\n    // Parameterized constructor\n    public RandomMain(int id, String name) {\n        this.id = id;\n        this.name = name;\n    }\n\n    // Getter for id\n    public int getId() {\n        return id;\n    }\n\n    // Setter for id\n    public void setId(int id) {\n        this.id = id;\n    }\n\n    // Getter for name\n    public String getName() {\n        return name;\n    }\n\n    // Setter for name\n    public void setName(String name) {\n        this.name = name;\n    }\n\n    // Method to display object details\n    public void displayDetails() {\n        System.out.println("ID: " + id + ", Name: " + name);\n    }\n\n    // Static method for utility purpose\n    public static int addNumbers(int a, int b) {\n        return a + b;\n    }\n\n    // Main method for quick testing\n    public static void main(String[] args) {\n        RandomMain test = new RandomMain(1, "Test Object");\n        test.displayDetails();\n\n        System.out.println("Sum of 5 and 10: " + RandomMain.addNumbers(5, 10));\n    }\n}\n'}, {'relativePath': '/home/aman/IdeaProjects/untitled/src/Main.java', 'content': '//TIP To <b>Run</b> code, press <shortcut actionId="Run"/> or\n// click the <icon src="AllIcons.Actions.Execute"/> icon in the gutter.\npublic class Main {\n    public static void main(String[] args) {\n        //TIP Press <shortcut actionId="ShowIntentionActions"/> with your caret at the highlighted text\n        // to see how IntelliJ IDEA suggests fixing it.\n        System.out.printf("Hello and welcome!");\n\n        for (int i = 1; i <= 5; i++) {\n            //TIP Press <shortcut actionId="Debug"/> to start debugging your code. We have set one <icon src="AllIcons.Debugger.Db_set_breakpoint"/> breakpoint\n            // for you, but you can always add more by pressing <shortcut actionId="ToggleLineBreakpoint"/>.\n            System.out.println("i = " + i);\n        }\n    }\n}'}]}
2024-11-24 00:58:58,587 [DEBUG] Combined code: public class RandomMain {

    private int id;
    private String name;

    // Default constructor
    public RandomMain() {
        this.id = 0;
        this.name = "Default Name";
    }

    // Parameterized constructor
    public RandomMain(int id, String name) {
        this.id = id;
        this.name = name;
    }

    // Getter for id
    public int getId() {
        return id;
    }

    // Setter for id
    public void setId(int id) {
        this.id = id;
    }

    // Getter for name
    public String getName() {
        return name;
    }

    // Setter for name
    public void setName(String name) {
        this.name = name;
    }

    // Method to display object details
    public void displayDetails() {
        System.out.println("ID: " + id + ", Name: " + name);
    }

    // Static method for utility purpose
    public static int addNumbers(int a, int b) {
        return a + b;
    }

    // Main method for quick testing
    public static void main(String[] args) {
        RandomMain test = new RandomMain(1, "Test Object");
        test.displayDetails();

        System.out.println("Sum of 5 and 10: " + RandomMain.addNumbers(5, 10));
    }
}

//TIP To <b>Run</b> code, press <shortcut actionId="Run"/> or
// click the <icon src="AllIcons.Actions.Execute"/> icon in the gutter.
public class Main {
    public static void main(String[] args) {
        //TIP Press <shortcut actionId="ShowIntentionActions"/> with your caret at the highlighted text
        // to see how IntelliJ IDEA suggests fixing it.
        System.out.printf("Hello and welcome!");

        for (int i = 1; i <= 5; i++) {
            //TIP Press <shortcut actionId="Debug"/> to start debugging your code. We have set one <icon src="AllIcons.Debugger.Db_set_breakpoint"/> breakpoint
            // for you, but you can always add more by pressing <shortcut actionId="ToggleLineBreakpoint"/>.
            System.out.println("i = " + i);
        }
    }
}
2024-11-24 00:58:58,593 [INFO] 127.0.0.1 - - [24/Nov/2024 00:58:58] "[35m[1mPOST /process_java_files HTTP/1.1[0m" 500 -
2024-11-24 00:59:42,652 [INFO]  * Detected change in 'c:\\Users\\anish\\OneDrive\\Documents\\GitHub\\hackaTUM-2024\\API_Backend.py', reloading
2024-11-24 00:59:42,679 [INFO]  * Restarting with stat
2024-11-24 00:59:42,877 [INFO] Flask app initialized.
2024-11-24 00:59:42,894 [WARNING]  * Debugger is active!
2024-11-24 00:59:42,896 [INFO]  * Debugger PIN: 351-652-179
2024-11-24 00:59:47,741 [INFO] Flask app initialized.
2024-11-24 00:59:47,768 [INFO] [31m[1mWARNING: This is a development server. Do not use it in a production deployment. Use a production WSGI server instead.[0m
 * Running on all addresses (0.0.0.0)
 * Running on http://127.0.0.1:5000
 * Running on http://192.168.1.40:5000
2024-11-24 00:59:47,768 [INFO] [33mPress CTRL+C to quit[0m
2024-11-24 00:59:47,770 [INFO]  * Restarting with stat
2024-11-24 00:59:47,963 [INFO] Flask app initialized.
2024-11-24 00:59:47,978 [WARNING]  * Debugger is active!
2024-11-24 00:59:47,981 [INFO]  * Debugger PIN: 351-652-179
2024-11-24 00:59:52,864 [DEBUG] Received request data: {'files': [{'relativePath': '/home/aman/IdeaProjects/untitled/src/RandomMain.java', 'content': 'public class RandomMain {\n\n    private int id;\n    private String name;\n\n    // Default constructor\n    public RandomMain() {\n        this.id = 0;\n        this.name = "Default Name";\n    }\n\n    // Parameterized constructor\n    public RandomMain(int id, String name) {\n        this.id = id;\n        this.name = name;\n    }\n\n    // Getter for id\n    public int getId() {\n        return id;\n    }\n\n    // Setter for id\n    public void setId(int id) {\n        this.id = id;\n    }\n\n    // Getter for name\n    public String getName() {\n        return name;\n    }\n\n    // Setter for name\n    public void setName(String name) {\n        this.name = name;\n    }\n\n    // Method to display object details\n    public void displayDetails() {\n        System.out.println("ID: " + id + ", Name: " + name);\n    }\n\n    // Static method for utility purpose\n    public static int addNumbers(int a, int b) {\n        return a + b;\n    }\n\n    // Main method for quick testing\n    public static void main(String[] args) {\n        RandomMain test = new RandomMain(1, "Test Object");\n        test.displayDetails();\n\n        System.out.println("Sum of 5 and 10: " + RandomMain.addNumbers(5, 10));\n    }\n}\n'}, {'relativePath': '/home/aman/IdeaProjects/untitled/src/Main.java', 'content': '//TIP To <b>Run</b> code, press <shortcut actionId="Run"/> or\n// click the <icon src="AllIcons.Actions.Execute"/> icon in the gutter.\npublic class Main {\n    public static void main(String[] args) {\n        //TIP Press <shortcut actionId="ShowIntentionActions"/> with your caret at the highlighted text\n        // to see how IntelliJ IDEA suggests fixing it.\n        System.out.printf("Hello and welcome!");\n\n        for (int i = 1; i <= 5; i++) {\n            //TIP Press <shortcut actionId="Debug"/> to start debugging your code. We have set one <icon src="AllIcons.Debugger.Db_set_breakpoint"/> breakpoint\n            // for you, but you can always add more by pressing <shortcut actionId="ToggleLineBreakpoint"/>.\n            System.out.println("i = " + i);\n        }\n    }\n}'}]}
2024-11-24 00:59:52,865 [DEBUG] Combined code: public class RandomMain {

    private int id;
    private String name;

    // Default constructor
    public RandomMain() {
        this.id = 0;
        this.name = "Default Name";
    }

    // Parameterized constructor
    public RandomMain(int id, String name) {
        this.id = id;
        this.name = name;
    }

    // Getter for id
    public int getId() {
        return id;
    }

    // Setter for id
    public void setId(int id) {
        this.id = id;
    }

    // Getter for name
    public String getName() {
        return name;
    }

    // Setter for name
    public void setName(String name) {
        this.name = name;
    }

    // Method to display object details
    public void displayDetails() {
        System.out.println("ID: " + id + ", Name: " + name);
    }

    // Static method for utility purpose
    public static int addNumbers(int a, int b) {
        return a + b;
    }

    // Main method for quick testing
    public static void main(String[] args) {
        RandomMain test = new RandomMain(1, "Test Object");
        test.displayDetails();

        System.out.println("Sum of 5 and 10: " + RandomMain.addNumbers(5, 10));
    }
}

//TIP To <b>Run</b> code, press <shortcut actionId="Run"/> or
// click the <icon src="AllIcons.Actions.Execute"/> icon in the gutter.
public class Main {
    public static void main(String[] args) {
        //TIP Press <shortcut actionId="ShowIntentionActions"/> with your caret at the highlighted text
        // to see how IntelliJ IDEA suggests fixing it.
        System.out.printf("Hello and welcome!");

        for (int i = 1; i <= 5; i++) {
            //TIP Press <shortcut actionId="Debug"/> to start debugging your code. We have set one <icon src="AllIcons.Debugger.Db_set_breakpoint"/> breakpoint
            // for you, but you can always add more by pressing <shortcut actionId="ToggleLineBreakpoint"/>.
            System.out.println("i = " + i);
        }
    }
}
2024-11-24 00:59:52,868 [INFO] 127.0.0.1 - - [24/Nov/2024 00:59:52] "POST /process_java_files HTTP/1.1" 200 -
2024-11-24 01:00:49,056 [INFO]  * Detected change in 'c:\\Users\\anish\\OneDrive\\Documents\\GitHub\\hackaTUM-2024\\API_Backend.py', reloading
2024-11-24 01:00:49,082 [INFO]  * Restarting with stat
2024-11-24 01:00:49,277 [INFO] Flask app initialized.
2024-11-24 01:00:49,291 [WARNING]  * Debugger is active!
2024-11-24 01:00:49,294 [INFO]  * Debugger PIN: 351-652-179
2024-11-24 01:01:05,582 [INFO] Flask app initialized.
2024-11-24 01:01:05,606 [INFO] [31m[1mWARNING: This is a development server. Do not use it in a production deployment. Use a production WSGI server instead.[0m
 * Running on all addresses (0.0.0.0)
 * Running on http://127.0.0.1:5000
 * Running on http://192.168.1.40:5000
2024-11-24 01:01:05,607 [INFO] [33mPress CTRL+C to quit[0m
2024-11-24 01:01:05,608 [INFO]  * Restarting with stat
2024-11-24 01:01:05,790 [INFO] Flask app initialized.
2024-11-24 01:01:05,804 [WARNING]  * Debugger is active!
2024-11-24 01:01:05,807 [INFO]  * Debugger PIN: 351-652-179
2024-11-24 01:01:14,601 [DEBUG] Received request data: {'files': [{'relativePath': '/home/aman/IdeaProjects/untitled/src/RandomMain.java', 'content': 'public class RandomMain {\n\n    private int id;\n    private String name;\n\n    // Default constructor\n    public RandomMain() {\n        this.id = 0;\n        this.name = "Default Name";\n    }\n\n    // Parameterized constructor\n    public RandomMain(int id, String name) {\n        this.id = id;\n        this.name = name;\n    }\n\n    // Getter for id\n    public int getId() {\n        return id;\n    }\n\n    // Setter for id\n    public void setId(int id) {\n        this.id = id;\n    }\n\n    // Getter for name\n    public String getName() {\n        return name;\n    }\n\n    // Setter for name\n    public void setName(String name) {\n        this.name = name;\n    }\n\n    // Method to display object details\n    public void displayDetails() {\n        System.out.println("ID: " + id + ", Name: " + name);\n    }\n\n    // Static method for utility purpose\n    public static int addNumbers(int a, int b) {\n        return a + b;\n    }\n\n    // Main method for quick testing\n    public static void main(String[] args) {\n        RandomMain test = new RandomMain(1, "Test Object");\n        test.displayDetails();\n\n        System.out.println("Sum of 5 and 10: " + RandomMain.addNumbers(5, 10));\n    }\n}\n'}, {'relativePath': '/home/aman/IdeaProjects/untitled/src/Main.java', 'content': '//TIP To <b>Run</b> code, press <shortcut actionId="Run"/> or\n// click the <icon src="AllIcons.Actions.Execute"/> icon in the gutter.\npublic class Main {\n    public static void main(String[] args) {\n        //TIP Press <shortcut actionId="ShowIntentionActions"/> with your caret at the highlighted text\n        // to see how IntelliJ IDEA suggests fixing it.\n        System.out.printf("Hello and welcome!");\n\n        for (int i = 1; i <= 5; i++) {\n            //TIP Press <shortcut actionId="Debug"/> to start debugging your code. We have set one <icon src="AllIcons.Debugger.Db_set_breakpoint"/> breakpoint\n            // for you, but you can always add more by pressing <shortcut actionId="ToggleLineBreakpoint"/>.\n            System.out.println("i = " + i);\n        }\n    }\n}'}]}
2024-11-24 01:01:14,602 [DEBUG] Combined code: public class RandomMain {

    private int id;
    private String name;

    // Default constructor
    public RandomMain() {
        this.id = 0;
        this.name = "Default Name";
    }

    // Parameterized constructor
    public RandomMain(int id, String name) {
        this.id = id;
        this.name = name;
    }

    // Getter for id
    public int getId() {
        return id;
    }

    // Setter for id
    public void setId(int id) {
        this.id = id;
    }

    // Getter for name
    public String getName() {
        return name;
    }

    // Setter for name
    public void setName(String name) {
        this.name = name;
    }

    // Method to display object details
    public void displayDetails() {
        System.out.println("ID: " + id + ", Name: " + name);
    }

    // Static method for utility purpose
    public static int addNumbers(int a, int b) {
        return a + b;
    }

    // Main method for quick testing
    public static void main(String[] args) {
        RandomMain test = new RandomMain(1, "Test Object");
        test.displayDetails();

        System.out.println("Sum of 5 and 10: " + RandomMain.addNumbers(5, 10));
    }
}

//TIP To <b>Run</b> code, press <shortcut actionId="Run"/> or
// click the <icon src="AllIcons.Actions.Execute"/> icon in the gutter.
public class Main {
    public static void main(String[] args) {
        //TIP Press <shortcut actionId="ShowIntentionActions"/> with your caret at the highlighted text
        // to see how IntelliJ IDEA suggests fixing it.
        System.out.printf("Hello and welcome!");

        for (int i = 1; i <= 5; i++) {
            //TIP Press <shortcut actionId="Debug"/> to start debugging your code. We have set one <icon src="AllIcons.Debugger.Db_set_breakpoint"/> breakpoint
            // for you, but you can always add more by pressing <shortcut actionId="ToggleLineBreakpoint"/>.
            System.out.println("i = " + i);
        }
    }
}
2024-11-24 01:01:14,604 [INFO] 127.0.0.1 - - [24/Nov/2024 01:01:14] "POST /process_java_files HTTP/1.1" 200 -
2024-11-24 01:01:59,510 [INFO]  * Detected change in 'c:\\Users\\anish\\OneDrive\\Documents\\GitHub\\hackaTUM-2024\\API_Backend.py', reloading
2024-11-24 01:01:59,539 [INFO]  * Restarting with stat
2024-11-24 01:01:59,720 [INFO] Flask app initialized.
2024-11-24 01:01:59,735 [WARNING]  * Debugger is active!
2024-11-24 01:01:59,739 [INFO]  * Debugger PIN: 351-652-179
2024-11-24 01:04:47,460 [INFO] Flask app initialized.
2024-11-24 01:04:47,486 [INFO] [31m[1mWARNING: This is a development server. Do not use it in a production deployment. Use a production WSGI server instead.[0m
 * Running on all addresses (0.0.0.0)
 * Running on http://127.0.0.1:5000
 * Running on http://192.168.1.40:5000
2024-11-24 01:04:47,487 [INFO] [33mPress CTRL+C to quit[0m
2024-11-24 01:04:47,488 [INFO]  * Restarting with stat
2024-11-24 01:04:47,673 [INFO] Flask app initialized.
2024-11-24 01:04:47,688 [WARNING]  * Debugger is active!
2024-11-24 01:04:47,690 [INFO]  * Debugger PIN: 351-652-179
2024-11-24 01:04:58,185 [DEBUG] Received request data: {'files': [{'relativePath': '/home/aman/IdeaProjects/untitled/src/RandomMain.java', 'content': 'public class RandomMain {\n\n    private int id;\n    private String name;\n\n    // Default constructor\n    public RandomMain() {\n        this.id = 0;\n        this.name = "Default Name";\n    }\n\n    // Parameterized constructor\n    public RandomMain(int id, String name) {\n        this.id = id;\n        this.name = name;\n    }\n\n    // Getter for id\n    public int getId() {\n        return id;\n    }\n\n    // Setter for id\n    public void setId(int id) {\n        this.id = id;\n    }\n\n    // Getter for name\n    public String getName() {\n        return name;\n    }\n\n    // Setter for name\n    public void setName(String name) {\n        this.name = name;\n    }\n\n    // Method to display object details\n    public void displayDetails() {\n        System.out.println("ID: " + id + ", Name: " + name);\n    }\n\n    // Static method for utility purpose\n    public static int addNumbers(int a, int b) {\n        return a + b;\n    }\n\n    // Main method for quick testing\n    public static void main(String[] args) {\n        RandomMain test = new RandomMain(1, "Test Object");\n        test.displayDetails();\n\n        System.out.println("Sum of 5 and 10: " + RandomMain.addNumbers(5, 10));\n    }\n}\n'}, {'relativePath': '/home/aman/IdeaProjects/untitled/src/Main.java', 'content': '//TIP To <b>Run</b> code, press <shortcut actionId="Run"/> or\n// click the <icon src="AllIcons.Actions.Execute"/> icon in the gutter.\npublic class Main {\n    public static void main(String[] args) {\n        //TIP Press <shortcut actionId="ShowIntentionActions"/> with your caret at the highlighted text\n        // to see how IntelliJ IDEA suggests fixing it.\n        System.out.printf("Hello and welcome!");\n\n        for (int i = 1; i <= 5; i++) {\n            //TIP Press <shortcut actionId="Debug"/> to start debugging your code. We have set one <icon src="AllIcons.Debugger.Db_set_breakpoint"/> breakpoint\n            // for you, but you can always add more by pressing <shortcut actionId="ToggleLineBreakpoint"/>.\n            System.out.println("i = " + i);\n        }\n    }\n}'}]}
2024-11-24 01:04:58,187 [DEBUG] Combined code: public class RandomMain {

    private int id;
    private String name;

    // Default constructor
    public RandomMain() {
        this.id = 0;
        this.name = "Default Name";
    }

    // Parameterized constructor
    public RandomMain(int id, String name) {
        this.id = id;
        this.name = name;
    }

    // Getter for id
    public int getId() {
        return id;
    }

    // Setter for id
    public void setId(int id) {
        this.id = id;
    }

    // Getter for name
    public String getName() {
        return name;
    }

    // Setter for name
    public void setName(String name) {
        this.name = name;
    }

    // Method to display object details
    public void displayDetails() {
        System.out.println("ID: " + id + ", Name: " + name);
    }

    // Static method for utility purpose
    public static int addNumbers(int a, int b) {
        return a + b;
    }

    // Main method for quick testing
    public static void main(String[] args) {
        RandomMain test = new RandomMain(1, "Test Object");
        test.displayDetails();

        System.out.println("Sum of 5 and 10: " + RandomMain.addNumbers(5, 10));
    }
}

//TIP To <b>Run</b> code, press <shortcut actionId="Run"/> or
// click the <icon src="AllIcons.Actions.Execute"/> icon in the gutter.
public class Main {
    public static void main(String[] args) {
        //TIP Press <shortcut actionId="ShowIntentionActions"/> with your caret at the highlighted text
        // to see how IntelliJ IDEA suggests fixing it.
        System.out.printf("Hello and welcome!");

        for (int i = 1; i <= 5; i++) {
            //TIP Press <shortcut actionId="Debug"/> to start debugging your code. We have set one <icon src="AllIcons.Debugger.Db_set_breakpoint"/> breakpoint
            // for you, but you can always add more by pressing <shortcut actionId="ToggleLineBreakpoint"/>.
            System.out.println("i = " + i);
        }
    }
}
2024-11-24 01:04:58,191 [INFO] 127.0.0.1 - - [24/Nov/2024 01:04:58] "POST /process_java_files HTTP/1.1" 200 -
2024-11-24 01:05:56,926 [INFO]  * Detected change in 'c:\\Users\\anish\\OneDrive\\Documents\\GitHub\\hackaTUM-2024\\API_Backend.py', reloading
2024-11-24 01:05:56,957 [INFO]  * Restarting with stat
2024-11-24 01:05:57,144 [INFO] Flask app initialized.
2024-11-24 01:05:57,160 [WARNING]  * Debugger is active!
2024-11-24 01:05:57,163 [INFO]  * Debugger PIN: 351-652-179
2024-11-24 01:06:22,933 [INFO] Flask app initialized.
2024-11-24 01:06:22,957 [INFO] [31m[1mWARNING: This is a development server. Do not use it in a production deployment. Use a production WSGI server instead.[0m
 * Running on all addresses (0.0.0.0)
 * Running on http://127.0.0.1:5000
 * Running on http://192.168.1.40:5000
2024-11-24 01:06:22,958 [INFO] [33mPress CTRL+C to quit[0m
2024-11-24 01:06:22,959 [INFO]  * Restarting with stat
2024-11-24 01:06:23,137 [INFO] Flask app initialized.
2024-11-24 01:06:23,152 [WARNING]  * Debugger is active!
2024-11-24 01:06:23,154 [INFO]  * Debugger PIN: 351-652-179
2024-11-24 01:06:26,574 [DEBUG] Received request data: {'files': [{'relativePath': '/home/aman/IdeaProjects/untitled/src/RandomMain.java', 'content': 'public class RandomMain {\n\n    private int id;\n    private String name;\n\n    // Default constructor\n    public RandomMain() {\n        this.id = 0;\n        this.name = "Default Name";\n    }\n\n    // Parameterized constructor\n    public RandomMain(int id, String name) {\n        this.id = id;\n        this.name = name;\n    }\n\n    // Getter for id\n    public int getId() {\n        return id;\n    }\n\n    // Setter for id\n    public void setId(int id) {\n        this.id = id;\n    }\n\n    // Getter for name\n    public String getName() {\n        return name;\n    }\n\n    // Setter for name\n    public void setName(String name) {\n        this.name = name;\n    }\n\n    // Method to display object details\n    public void displayDetails() {\n        System.out.println("ID: " + id + ", Name: " + name);\n    }\n\n    // Static method for utility purpose\n    public static int addNumbers(int a, int b) {\n        return a + b;\n    }\n\n    // Main method for quick testing\n    public static void main(String[] args) {\n        RandomMain test = new RandomMain(1, "Test Object");\n        test.displayDetails();\n\n        System.out.println("Sum of 5 and 10: " + RandomMain.addNumbers(5, 10));\n    }\n}\n'}, {'relativePath': '/home/aman/IdeaProjects/untitled/src/Main.java', 'content': '//TIP To <b>Run</b> code, press <shortcut actionId="Run"/> or\n// click the <icon src="AllIcons.Actions.Execute"/> icon in the gutter.\npublic class Main {\n    public static void main(String[] args) {\n        //TIP Press <shortcut actionId="ShowIntentionActions"/> with your caret at the highlighted text\n        // to see how IntelliJ IDEA suggests fixing it.\n        System.out.printf("Hello and welcome!");\n\n        for (int i = 1; i <= 5; i++) {\n            //TIP Press <shortcut actionId="Debug"/> to start debugging your code. We have set one <icon src="AllIcons.Debugger.Db_set_breakpoint"/> breakpoint\n            // for you, but you can always add more by pressing <shortcut actionId="ToggleLineBreakpoint"/>.\n            System.out.println("i = " + i);\n        }\n    }\n}'}]}
2024-11-24 01:06:26,575 [DEBUG] [{'relativePath': '/home/aman/IdeaProjects/untitled/src/RandomMain.java', 'content': 'public class RandomMain {\n\n    private int id;\n    private String name;\n\n    // Default constructor\n    public RandomMain() {\n        this.id = 0;\n        this.name = "Default Name";\n    }\n\n    // Parameterized constructor\n    public RandomMain(int id, String name) {\n        this.id = id;\n        this.name = name;\n    }\n\n    // Getter for id\n    public int getId() {\n        return id;\n    }\n\n    // Setter for id\n    public void setId(int id) {\n        this.id = id;\n    }\n\n    // Getter for name\n    public String getName() {\n        return name;\n    }\n\n    // Setter for name\n    public void setName(String name) {\n        this.name = name;\n    }\n\n    // Method to display object details\n    public void displayDetails() {\n        System.out.println("ID: " + id + ", Name: " + name);\n    }\n\n    // Static method for utility purpose\n    public static int addNumbers(int a, int b) {\n        return a + b;\n    }\n\n    // Main method for quick testing\n    public static void main(String[] args) {\n        RandomMain test = new RandomMain(1, "Test Object");\n        test.displayDetails();\n\n        System.out.println("Sum of 5 and 10: " + RandomMain.addNumbers(5, 10));\n    }\n}\n'}, {'relativePath': '/home/aman/IdeaProjects/untitled/src/Main.java', 'content': '//TIP To <b>Run</b> code, press <shortcut actionId="Run"/> or\n// click the <icon src="AllIcons.Actions.Execute"/> icon in the gutter.\npublic class Main {\n    public static void main(String[] args) {\n        //TIP Press <shortcut actionId="ShowIntentionActions"/> with your caret at the highlighted text\n        // to see how IntelliJ IDEA suggests fixing it.\n        System.out.printf("Hello and welcome!");\n\n        for (int i = 1; i <= 5; i++) {\n            //TIP Press <shortcut actionId="Debug"/> to start debugging your code. We have set one <icon src="AllIcons.Debugger.Db_set_breakpoint"/> breakpoint\n            // for you, but you can always add more by pressing <shortcut actionId="ToggleLineBreakpoint"/>.\n            System.out.println("i = " + i);\n        }\n    }\n}'}]
2024-11-24 01:06:26,576 [DEBUG] Combined code: public class RandomMain {

    private int id;
    private String name;

    // Default constructor
    public RandomMain() {
        this.id = 0;
        this.name = "Default Name";
    }

    // Parameterized constructor
    public RandomMain(int id, String name) {
        this.id = id;
        this.name = name;
    }

    // Getter for id
    public int getId() {
        return id;
    }

    // Setter for id
    public void setId(int id) {
        this.id = id;
    }

    // Getter for name
    public String getName() {
        return name;
    }

    // Setter for name
    public void setName(String name) {
        this.name = name;
    }

    // Method to display object details
    public void displayDetails() {
        System.out.println("ID: " + id + ", Name: " + name);
    }

    // Static method for utility purpose
    public static int addNumbers(int a, int b) {
        return a + b;
    }

    // Main method for quick testing
    public static void main(String[] args) {
        RandomMain test = new RandomMain(1, "Test Object");
        test.displayDetails();

        System.out.println("Sum of 5 and 10: " + RandomMain.addNumbers(5, 10));
    }
}

//TIP To <b>Run</b> code, press <shortcut actionId="Run"/> or
// click the <icon src="AllIcons.Actions.Execute"/> icon in the gutter.
public class Main {
    public static void main(String[] args) {
        //TIP Press <shortcut actionId="ShowIntentionActions"/> with your caret at the highlighted text
        // to see how IntelliJ IDEA suggests fixing it.
        System.out.printf("Hello and welcome!");

        for (int i = 1; i <= 5; i++) {
            //TIP Press <shortcut actionId="Debug"/> to start debugging your code. We have set one <icon src="AllIcons.Debugger.Db_set_breakpoint"/> breakpoint
            // for you, but you can always add more by pressing <shortcut actionId="ToggleLineBreakpoint"/>.
            System.out.println("i = " + i);
        }
    }
}
2024-11-24 01:06:26,579 [INFO] 127.0.0.1 - - [24/Nov/2024 01:06:26] "POST /process_java_files HTTP/1.1" 200 -
2024-11-24 01:07:28,113 [INFO]  * Detected change in 'c:\\Users\\anish\\OneDrive\\Documents\\GitHub\\hackaTUM-2024\\API_Backend.py', reloading
2024-11-24 01:07:28,140 [INFO]  * Restarting with stat
2024-11-24 01:07:28,317 [INFO] Flask app initialized.
2024-11-24 01:07:28,331 [WARNING]  * Debugger is active!
2024-11-24 01:07:28,333 [INFO]  * Debugger PIN: 351-652-179
2024-11-24 01:07:29,593 [INFO]  * Detected change in 'c:\\Users\\anish\\OneDrive\\Documents\\GitHub\\hackaTUM-2024\\API_Backend.py', reloading
2024-11-24 01:07:29,626 [INFO]  * Restarting with stat
2024-11-24 01:07:29,811 [INFO] Flask app initialized.
2024-11-24 01:07:29,826 [WARNING]  * Debugger is active!
2024-11-24 01:07:29,828 [INFO]  * Debugger PIN: 351-652-179
2024-11-24 01:07:43,940 [INFO] Flask app initialized.
2024-11-24 01:07:43,966 [INFO] [31m[1mWARNING: This is a development server. Do not use it in a production deployment. Use a production WSGI server instead.[0m
 * Running on all addresses (0.0.0.0)
 * Running on http://127.0.0.1:5000
 * Running on http://192.168.1.40:5000
2024-11-24 01:07:43,966 [INFO] [33mPress CTRL+C to quit[0m
2024-11-24 01:07:43,967 [INFO]  * Restarting with stat
2024-11-24 01:07:44,158 [INFO] Flask app initialized.
2024-11-24 01:07:44,172 [WARNING]  * Debugger is active!
2024-11-24 01:07:44,174 [INFO]  * Debugger PIN: 351-652-179
2024-11-24 01:07:51,406 [DEBUG] Received request data: {'files': [{'relativePath': '/home/aman/IdeaProjects/untitled/src/RandomMain.java', 'content': 'public class RandomMain {\n\n    private int id;\n    private String name;\n\n    // Default constructor\n    public RandomMain() {\n        this.id = 0;\n        this.name = "Default Name";\n    }\n\n    // Parameterized constructor\n    public RandomMain(int id, String name) {\n        this.id = id;\n        this.name = name;\n    }\n\n    // Getter for id\n    public int getId() {\n        return id;\n    }\n\n    // Setter for id\n    public void setId(int id) {\n        this.id = id;\n    }\n\n    // Getter for name\n    public String getName() {\n        return name;\n    }\n\n    // Setter for name\n    public void setName(String name) {\n        this.name = name;\n    }\n\n    // Method to display object details\n    public void displayDetails() {\n        System.out.println("ID: " + id + ", Name: " + name);\n    }\n\n    // Static method for utility purpose\n    public static int addNumbers(int a, int b) {\n        return a + b;\n    }\n\n    // Main method for quick testing\n    public static void main(String[] args) {\n        RandomMain test = new RandomMain(1, "Test Object");\n        test.displayDetails();\n\n        System.out.println("Sum of 5 and 10: " + RandomMain.addNumbers(5, 10));\n    }\n}\n'}, {'relativePath': '/home/aman/IdeaProjects/untitled/src/Main.java', 'content': '//TIP To <b>Run</b> code, press <shortcut actionId="Run"/> or\n// click the <icon src="AllIcons.Actions.Execute"/> icon in the gutter.\npublic class Main {\n    public static void main(String[] args) {\n        //TIP Press <shortcut actionId="ShowIntentionActions"/> with your caret at the highlighted text\n        // to see how IntelliJ IDEA suggests fixing it.\n        System.out.printf("Hello and welcome!");\n\n        for (int i = 1; i <= 5; i++) {\n            //TIP Press <shortcut actionId="Debug"/> to start debugging your code. We have set one <icon src="AllIcons.Debugger.Db_set_breakpoint"/> breakpoint\n            // for you, but you can always add more by pressing <shortcut actionId="ToggleLineBreakpoint"/>.\n            System.out.println("i = " + i);\n        }\n    }\n}'}]}
2024-11-24 01:07:51,407 [DEBUG] ============================================================
2024-11-24 01:07:51,407 [DEBUG] [{'relativePath': '/home/aman/IdeaProjects/untitled/src/RandomMain.java', 'content': 'public class RandomMain {\n\n    private int id;\n    private String name;\n\n    // Default constructor\n    public RandomMain() {\n        this.id = 0;\n        this.name = "Default Name";\n    }\n\n    // Parameterized constructor\n    public RandomMain(int id, String name) {\n        this.id = id;\n        this.name = name;\n    }\n\n    // Getter for id\n    public int getId() {\n        return id;\n    }\n\n    // Setter for id\n    public void setId(int id) {\n        this.id = id;\n    }\n\n    // Getter for name\n    public String getName() {\n        return name;\n    }\n\n    // Setter for name\n    public void setName(String name) {\n        this.name = name;\n    }\n\n    // Method to display object details\n    public void displayDetails() {\n        System.out.println("ID: " + id + ", Name: " + name);\n    }\n\n    // Static method for utility purpose\n    public static int addNumbers(int a, int b) {\n        return a + b;\n    }\n\n    // Main method for quick testing\n    public static void main(String[] args) {\n        RandomMain test = new RandomMain(1, "Test Object");\n        test.displayDetails();\n\n        System.out.println("Sum of 5 and 10: " + RandomMain.addNumbers(5, 10));\n    }\n}\n'}, {'relativePath': '/home/aman/IdeaProjects/untitled/src/Main.java', 'content': '//TIP To <b>Run</b> code, press <shortcut actionId="Run"/> or\n// click the <icon src="AllIcons.Actions.Execute"/> icon in the gutter.\npublic class Main {\n    public static void main(String[] args) {\n        //TIP Press <shortcut actionId="ShowIntentionActions"/> with your caret at the highlighted text\n        // to see how IntelliJ IDEA suggests fixing it.\n        System.out.printf("Hello and welcome!");\n\n        for (int i = 1; i <= 5; i++) {\n            //TIP Press <shortcut actionId="Debug"/> to start debugging your code. We have set one <icon src="AllIcons.Debugger.Db_set_breakpoint"/> breakpoint\n            // for you, but you can always add more by pressing <shortcut actionId="ToggleLineBreakpoint"/>.\n            System.out.println("i = " + i);\n        }\n    }\n}'}]
2024-11-24 01:07:51,407 [DEBUG] Combined code: public class RandomMain {

    private int id;
    private String name;

    // Default constructor
    public RandomMain() {
        this.id = 0;
        this.name = "Default Name";
    }

    // Parameterized constructor
    public RandomMain(int id, String name) {
        this.id = id;
        this.name = name;
    }

    // Getter for id
    public int getId() {
        return id;
    }

    // Setter for id
    public void setId(int id) {
        this.id = id;
    }

    // Getter for name
    public String getName() {
        return name;
    }

    // Setter for name
    public void setName(String name) {
        this.name = name;
    }

    // Method to display object details
    public void displayDetails() {
        System.out.println("ID: " + id + ", Name: " + name);
    }

    // Static method for utility purpose
    public static int addNumbers(int a, int b) {
        return a + b;
    }

    // Main method for quick testing
    public static void main(String[] args) {
        RandomMain test = new RandomMain(1, "Test Object");
        test.displayDetails();

        System.out.println("Sum of 5 and 10: " + RandomMain.addNumbers(5, 10));
    }
}

//TIP To <b>Run</b> code, press <shortcut actionId="Run"/> or
// click the <icon src="AllIcons.Actions.Execute"/> icon in the gutter.
public class Main {
    public static void main(String[] args) {
        //TIP Press <shortcut actionId="ShowIntentionActions"/> with your caret at the highlighted text
        // to see how IntelliJ IDEA suggests fixing it.
        System.out.printf("Hello and welcome!");

        for (int i = 1; i <= 5; i++) {
            //TIP Press <shortcut actionId="Debug"/> to start debugging your code. We have set one <icon src="AllIcons.Debugger.Db_set_breakpoint"/> breakpoint
            // for you, but you can always add more by pressing <shortcut actionId="ToggleLineBreakpoint"/>.
            System.out.println("i = " + i);
        }
    }
}
2024-11-24 01:07:51,410 [INFO] 127.0.0.1 - - [24/Nov/2024 01:07:51] "POST /process_java_files HTTP/1.1" 200 -
2024-11-24 01:08:20,598 [INFO]  * Detected change in 'c:\\Users\\anish\\OneDrive\\Documents\\GitHub\\hackaTUM-2024\\API_Backend.py', reloading
2024-11-24 01:08:20,622 [INFO]  * Restarting with stat
2024-11-24 01:08:20,801 [INFO] Flask app initialized.
2024-11-24 01:08:20,815 [WARNING]  * Debugger is active!
2024-11-24 01:08:20,818 [INFO]  * Debugger PIN: 351-652-179
2024-11-24 01:08:26,476 [INFO]  * Detected change in 'c:\\Users\\anish\\OneDrive\\Documents\\GitHub\\hackaTUM-2024\\API_Backend.py', reloading
2024-11-24 01:08:26,503 [INFO]  * Restarting with stat
2024-11-24 01:08:26,683 [INFO] Flask app initialized.
2024-11-24 01:08:26,697 [WARNING]  * Debugger is active!
2024-11-24 01:08:26,700 [INFO]  * Debugger PIN: 351-652-179
2024-11-24 01:09:47,905 [INFO]  * Detected change in 'c:\\Users\\anish\\OneDrive\\Documents\\GitHub\\hackaTUM-2024\\API_Backend.py', reloading
2024-11-24 01:09:47,933 [INFO]  * Restarting with stat
2024-11-24 01:09:48,121 [INFO] Flask app initialized.
2024-11-24 01:09:48,137 [WARNING]  * Debugger is active!
2024-11-24 01:09:48,139 [INFO]  * Debugger PIN: 351-652-179
2024-11-24 01:09:49,811 [INFO] Flask app initialized.
2024-11-24 01:09:49,836 [INFO] [31m[1mWARNING: This is a development server. Do not use it in a production deployment. Use a production WSGI server instead.[0m
 * Running on all addresses (0.0.0.0)
 * Running on http://127.0.0.1:5000
 * Running on http://192.168.1.40:5000
2024-11-24 01:09:49,837 [INFO] [33mPress CTRL+C to quit[0m
2024-11-24 01:09:49,838 [INFO]  * Restarting with stat
2024-11-24 01:09:50,014 [INFO] Flask app initialized.
2024-11-24 01:09:50,027 [WARNING]  * Debugger is active!
2024-11-24 01:09:50,030 [INFO]  * Debugger PIN: 351-652-179
2024-11-24 01:09:53,524 [DEBUG] Received request data: {'files': [{'relativePath': '/home/aman/IdeaProjects/untitled/src/RandomMain.java', 'content': 'public class RandomMain {\n\n    private int id;\n    private String name;\n\n    // Default constructor\n    public RandomMain() {\n        this.id = 0;\n        this.name = "Default Name";\n    }\n\n    // Parameterized constructor\n    public RandomMain(int id, String name) {\n        this.id = id;\n        this.name = name;\n    }\n\n    // Getter for id\n    public int getId() {\n        return id;\n    }\n\n    // Setter for id\n    public void setId(int id) {\n        this.id = id;\n    }\n\n    // Getter for name\n    public String getName() {\n        return name;\n    }\n\n    // Setter for name\n    public void setName(String name) {\n        this.name = name;\n    }\n\n    // Method to display object details\n    public void displayDetails() {\n        System.out.println("ID: " + id + ", Name: " + name);\n    }\n\n    // Static method for utility purpose\n    public static int addNumbers(int a, int b) {\n        return a + b;\n    }\n\n    // Main method for quick testing\n    public static void main(String[] args) {\n        RandomMain test = new RandomMain(1, "Test Object");\n        test.displayDetails();\n\n        System.out.println("Sum of 5 and 10: " + RandomMain.addNumbers(5, 10));\n    }\n}\n'}, {'relativePath': '/home/aman/IdeaProjects/untitled/src/Main.java', 'content': '//TIP To <b>Run</b> code, press <shortcut actionId="Run"/> or\n// click the <icon src="AllIcons.Actions.Execute"/> icon in the gutter.\npublic class Main {\n    public static void main(String[] args) {\n        //TIP Press <shortcut actionId="ShowIntentionActions"/> with your caret at the highlighted text\n        // to see how IntelliJ IDEA suggests fixing it.\n        System.out.printf("Hello and welcome!");\n\n        for (int i = 1; i <= 5; i++) {\n            //TIP Press <shortcut actionId="Debug"/> to start debugging your code. We have set one <icon src="AllIcons.Debugger.Db_set_breakpoint"/> breakpoint\n            // for you, but you can always add more by pressing <shortcut actionId="ToggleLineBreakpoint"/>.\n            System.out.println("i = " + i);\n        }\n    }\n}'}]}
2024-11-24 01:09:53,524 [DEBUG] ============================================================
2024-11-24 01:09:53,524 [DEBUG] {'relativePath': '/home/aman/IdeaProjects/untitled/src/RandomMain.java', 'content': 'public class RandomMain {\n\n    private int id;\n    private String name;\n\n    // Default constructor\n    public RandomMain() {\n        this.id = 0;\n        this.name = "Default Name";\n    }\n\n    // Parameterized constructor\n    public RandomMain(int id, String name) {\n        this.id = id;\n        this.name = name;\n    }\n\n    // Getter for id\n    public int getId() {\n        return id;\n    }\n\n    // Setter for id\n    public void setId(int id) {\n        this.id = id;\n    }\n\n    // Getter for name\n    public String getName() {\n        return name;\n    }\n\n    // Setter for name\n    public void setName(String name) {\n        this.name = name;\n    }\n\n    // Method to display object details\n    public void displayDetails() {\n        System.out.println("ID: " + id + ", Name: " + name);\n    }\n\n    // Static method for utility purpose\n    public static int addNumbers(int a, int b) {\n        return a + b;\n    }\n\n    // Main method for quick testing\n    public static void main(String[] args) {\n        RandomMain test = new RandomMain(1, "Test Object");\n        test.displayDetails();\n\n        System.out.println("Sum of 5 and 10: " + RandomMain.addNumbers(5, 10));\n    }\n}\n'}
2024-11-24 01:09:53,525 [DEBUG] {'relativePath': '/home/aman/IdeaProjects/untitled/src/Main.java', 'content': '//TIP To <b>Run</b> code, press <shortcut actionId="Run"/> or\n// click the <icon src="AllIcons.Actions.Execute"/> icon in the gutter.\npublic class Main {\n    public static void main(String[] args) {\n        //TIP Press <shortcut actionId="ShowIntentionActions"/> with your caret at the highlighted text\n        // to see how IntelliJ IDEA suggests fixing it.\n        System.out.printf("Hello and welcome!");\n\n        for (int i = 1; i <= 5; i++) {\n            //TIP Press <shortcut actionId="Debug"/> to start debugging your code. We have set one <icon src="AllIcons.Debugger.Db_set_breakpoint"/> breakpoint\n            // for you, but you can always add more by pressing <shortcut actionId="ToggleLineBreakpoint"/>.\n            System.out.println("i = " + i);\n        }\n    }\n}'}
2024-11-24 01:09:53,526 [INFO] 127.0.0.1 - - [24/Nov/2024 01:09:53] "POST /process_java_files HTTP/1.1" 200 -
2024-11-24 01:10:25,268 [INFO]  * Detected change in 'c:\\Users\\anish\\OneDrive\\Documents\\GitHub\\hackaTUM-2024\\API_Backend.py', reloading
2024-11-24 01:10:25,294 [INFO]  * Restarting with stat
2024-11-24 01:10:25,484 [INFO] Flask app initialized.
2024-11-24 01:10:25,498 [WARNING]  * Debugger is active!
2024-11-24 01:10:25,501 [INFO]  * Debugger PIN: 351-652-179
2024-11-24 01:10:55,226 [INFO] Flask app initialized.
2024-11-24 01:10:55,251 [INFO] [31m[1mWARNING: This is a development server. Do not use it in a production deployment. Use a production WSGI server instead.[0m
 * Running on all addresses (0.0.0.0)
 * Running on http://127.0.0.1:5000
 * Running on http://192.168.1.40:5000
2024-11-24 01:10:55,252 [INFO] [33mPress CTRL+C to quit[0m
2024-11-24 01:10:55,253 [INFO]  * Restarting with stat
2024-11-24 01:10:55,434 [INFO] Flask app initialized.
2024-11-24 01:10:55,448 [WARNING]  * Debugger is active!
2024-11-24 01:10:55,451 [INFO]  * Debugger PIN: 351-652-179
2024-11-24 01:10:59,246 [DEBUG] Received request data: {'files': [{'relativePath': '/home/aman/IdeaProjects/untitled/src/RandomMain.java', 'content': 'public class RandomMain {\n\n    private int id;\n    private String name;\n\n    // Default constructor\n    public RandomMain() {\n        this.id = 0;\n        this.name = "Default Name";\n    }\n\n    // Parameterized constructor\n    public RandomMain(int id, String name) {\n        this.id = id;\n        this.name = name;\n    }\n\n    // Getter for id\n    public int getId() {\n        return id;\n    }\n\n    // Setter for id\n    public void setId(int id) {\n        this.id = id;\n    }\n\n    // Getter for name\n    public String getName() {\n        return name;\n    }\n\n    // Setter for name\n    public void setName(String name) {\n        this.name = name;\n    }\n\n    // Method to display object details\n    public void displayDetails() {\n        System.out.println("ID: " + id + ", Name: " + name);\n    }\n\n    // Static method for utility purpose\n    public static int addNumbers(int a, int b) {\n        return a + b;\n    }\n\n    // Main method for quick testing\n    public static void main(String[] args) {\n        RandomMain test = new RandomMain(1, "Test Object");\n        test.displayDetails();\n\n        System.out.println("Sum of 5 and 10: " + RandomMain.addNumbers(5, 10));\n    }\n}\n'}, {'relativePath': '/home/aman/IdeaProjects/untitled/src/Main.java', 'content': '//TIP To <b>Run</b> code, press <shortcut actionId="Run"/> or\n// click the <icon src="AllIcons.Actions.Execute"/> icon in the gutter.\npublic class Main {\n    public static void main(String[] args) {\n        //TIP Press <shortcut actionId="ShowIntentionActions"/> with your caret at the highlighted text\n        // to see how IntelliJ IDEA suggests fixing it.\n        System.out.printf("Hello and welcome!");\n\n        for (int i = 1; i <= 5; i++) {\n            //TIP Press <shortcut actionId="Debug"/> to start debugging your code. We have set one <icon src="AllIcons.Debugger.Db_set_breakpoint"/> breakpoint\n            // for you, but you can always add more by pressing <shortcut actionId="ToggleLineBreakpoint"/>.\n            System.out.println("i = " + i);\n        }\n    }\n}'}]}
2024-11-24 01:10:59,247 [DEBUG] ============================================================
2024-11-24 01:10:59,247 [DEBUG] {'relativePath': '/home/aman/IdeaProjects/untitled/src/RandomMain.java', 'content': 'public class RandomMain {\n\n    private int id;\n    private String name;\n\n    // Default constructor\n    public RandomMain() {\n        this.id = 0;\n        this.name = "Default Name";\n    }\n\n    // Parameterized constructor\n    public RandomMain(int id, String name) {\n        this.id = id;\n        this.name = name;\n    }\n\n    // Getter for id\n    public int getId() {\n        return id;\n    }\n\n    // Setter for id\n    public void setId(int id) {\n        this.id = id;\n    }\n\n    // Getter for name\n    public String getName() {\n        return name;\n    }\n\n    // Setter for name\n    public void setName(String name) {\n        this.name = name;\n    }\n\n    // Method to display object details\n    public void displayDetails() {\n        System.out.println("ID: " + id + ", Name: " + name);\n    }\n\n    // Static method for utility purpose\n    public static int addNumbers(int a, int b) {\n        return a + b;\n    }\n\n    // Main method for quick testing\n    public static void main(String[] args) {\n        RandomMain test = new RandomMain(1, "Test Object");\n        test.displayDetails();\n\n        System.out.println("Sum of 5 and 10: " + RandomMain.addNumbers(5, 10));\n    }\n}\n'}
2024-11-24 01:10:59,247 [DEBUG] ==========================================================
2024-11-24 01:10:59,247 [DEBUG] {'relativePath': '/home/aman/IdeaProjects/untitled/src/Main.java', 'content': '//TIP To <b>Run</b> code, press <shortcut actionId="Run"/> or\n// click the <icon src="AllIcons.Actions.Execute"/> icon in the gutter.\npublic class Main {\n    public static void main(String[] args) {\n        //TIP Press <shortcut actionId="ShowIntentionActions"/> with your caret at the highlighted text\n        // to see how IntelliJ IDEA suggests fixing it.\n        System.out.printf("Hello and welcome!");\n\n        for (int i = 1; i <= 5; i++) {\n            //TIP Press <shortcut actionId="Debug"/> to start debugging your code. We have set one <icon src="AllIcons.Debugger.Db_set_breakpoint"/> breakpoint\n            // for you, but you can always add more by pressing <shortcut actionId="ToggleLineBreakpoint"/>.\n            System.out.println("i = " + i);\n        }\n    }\n}'}
2024-11-24 01:10:59,248 [DEBUG] ==========================================================
2024-11-24 01:10:59,248 [INFO] 127.0.0.1 - - [24/Nov/2024 01:10:59] "POST /process_java_files HTTP/1.1" 200 -
2024-11-24 01:11:30,734 [INFO]  * Detected change in 'c:\\Users\\anish\\OneDrive\\Documents\\GitHub\\hackaTUM-2024\\API_Backend.py', reloading
2024-11-24 01:11:30,761 [INFO]  * Restarting with stat
2024-11-24 01:11:30,959 [INFO] Flask app initialized.
2024-11-24 01:11:30,979 [WARNING]  * Debugger is active!
2024-11-24 01:11:30,981 [INFO]  * Debugger PIN: 351-652-179
2024-11-24 01:11:36,319 [INFO] Flask app initialized.
2024-11-24 01:11:36,343 [INFO] [31m[1mWARNING: This is a development server. Do not use it in a production deployment. Use a production WSGI server instead.[0m
 * Running on all addresses (0.0.0.0)
 * Running on http://127.0.0.1:5000
 * Running on http://192.168.1.40:5000
2024-11-24 01:11:36,344 [INFO] [33mPress CTRL+C to quit[0m
2024-11-24 01:11:36,345 [INFO]  * Restarting with stat
2024-11-24 01:11:36,524 [INFO] Flask app initialized.
2024-11-24 01:11:36,542 [WARNING]  * Debugger is active!
2024-11-24 01:11:36,545 [INFO]  * Debugger PIN: 351-652-179
2024-11-24 01:11:45,411 [DEBUG] Received request data: {'files': [{'relativePath': '/home/aman/IdeaProjects/untitled/src/RandomMain.java', 'content': 'public class RandomMain {\n\n    private int id;\n    private String name;\n\n    // Default constructor\n    public RandomMain() {\n        this.id = 0;\n        this.name = "Default Name";\n    }\n\n    // Parameterized constructor\n    public RandomMain(int id, String name) {\n        this.id = id;\n        this.name = name;\n    }\n\n    // Getter for id\n    public int getId() {\n        return id;\n    }\n\n    // Setter for id\n    public void setId(int id) {\n        this.id = id;\n    }\n\n    // Getter for name\n    public String getName() {\n        return name;\n    }\n\n    // Setter for name\n    public void setName(String name) {\n        this.name = name;\n    }\n\n    // Method to display object details\n    public void displayDetails() {\n        System.out.println("ID: " + id + ", Name: " + name);\n    }\n\n    // Static method for utility purpose\n    public static int addNumbers(int a, int b) {\n        return a + b;\n    }\n\n    // Main method for quick testing\n    public static void main(String[] args) {\n        RandomMain test = new RandomMain(1, "Test Object");\n        test.displayDetails();\n\n        System.out.println("Sum of 5 and 10: " + RandomMain.addNumbers(5, 10));\n    }\n}\n'}, {'relativePath': '/home/aman/IdeaProjects/untitled/src/Main.java', 'content': '//TIP To <b>Run</b> code, press <shortcut actionId="Run"/> or\n// click the <icon src="AllIcons.Actions.Execute"/> icon in the gutter.\npublic class Main {\n    public static void main(String[] args) {\n        //TIP Press <shortcut actionId="ShowIntentionActions"/> with your caret at the highlighted text\n        // to see how IntelliJ IDEA suggests fixing it.\n        System.out.printf("Hello and welcome!");\n\n        for (int i = 1; i <= 5; i++) {\n            //TIP Press <shortcut actionId="Debug"/> to start debugging your code. We have set one <icon src="AllIcons.Debugger.Db_set_breakpoint"/> breakpoint\n            // for you, but you can always add more by pressing <shortcut actionId="ToggleLineBreakpoint"/>.\n            System.out.println("i = " + i);\n        }\n    }\n}'}]}
2024-11-24 01:11:45,413 [DEBUG] ============================================================
2024-11-24 01:11:45,413 [DEBUG] {'relativePath': '/home/aman/IdeaProjects/untitled/src/RandomMain.java', 'content': 'public class RandomMain {\n\n    private int id;\n    private String name;\n\n    // Default constructor\n    public RandomMain() {\n        this.id = 0;\n        this.name = "Default Name";\n    }\n\n    // Parameterized constructor\n    public RandomMain(int id, String name) {\n        this.id = id;\n        this.name = name;\n    }\n\n    // Getter for id\n    public int getId() {\n        return id;\n    }\n\n    // Setter for id\n    public void setId(int id) {\n        this.id = id;\n    }\n\n    // Getter for name\n    public String getName() {\n        return name;\n    }\n\n    // Setter for name\n    public void setName(String name) {\n        this.name = name;\n    }\n\n    // Method to display object details\n    public void displayDetails() {\n        System.out.println("ID: " + id + ", Name: " + name);\n    }\n\n    // Static method for utility purpose\n    public static int addNumbers(int a, int b) {\n        return a + b;\n    }\n\n    // Main method for quick testing\n    public static void main(String[] args) {\n        RandomMain test = new RandomMain(1, "Test Object");\n        test.displayDetails();\n\n        System.out.println("Sum of 5 and 10: " + RandomMain.addNumbers(5, 10));\n    }\n}\n'}
2024-11-24 01:11:45,413 [DEBUG] *************************************************************
2024-11-24 01:11:45,413 [DEBUG] {'relativePath': '/home/aman/IdeaProjects/untitled/src/Main.java', 'content': '//TIP To <b>Run</b> code, press <shortcut actionId="Run"/> or\n// click the <icon src="AllIcons.Actions.Execute"/> icon in the gutter.\npublic class Main {\n    public static void main(String[] args) {\n        //TIP Press <shortcut actionId="ShowIntentionActions"/> with your caret at the highlighted text\n        // to see how IntelliJ IDEA suggests fixing it.\n        System.out.printf("Hello and welcome!");\n\n        for (int i = 1; i <= 5; i++) {\n            //TIP Press <shortcut actionId="Debug"/> to start debugging your code. We have set one <icon src="AllIcons.Debugger.Db_set_breakpoint"/> breakpoint\n            // for you, but you can always add more by pressing <shortcut actionId="ToggleLineBreakpoint"/>.\n            System.out.println("i = " + i);\n        }\n    }\n}'}
2024-11-24 01:11:45,414 [DEBUG] *************************************************************
2024-11-24 01:11:45,414 [INFO] 127.0.0.1 - - [24/Nov/2024 01:11:45] "POST /process_java_files HTTP/1.1" 200 -
2024-11-24 01:13:29,459 [INFO]  * Detected change in 'c:\\Users\\anish\\OneDrive\\Documents\\GitHub\\hackaTUM-2024\\API_Backend.py', reloading
2024-11-24 01:13:29,486 [INFO]  * Restarting with stat
2024-11-24 01:13:29,677 [INFO] Flask app initialized.
2024-11-24 01:13:29,691 [WARNING]  * Debugger is active!
2024-11-24 01:13:29,694 [INFO]  * Debugger PIN: 351-652-179
2024-11-24 01:14:21,306 [INFO]  * Detected change in 'c:\\Users\\anish\\OneDrive\\Documents\\GitHub\\hackaTUM-2024\\API_Backend.py', reloading
2024-11-24 01:14:21,330 [INFO]  * Restarting with stat
2024-11-24 01:14:21,514 [INFO] Flask app initialized.
2024-11-24 01:14:21,528 [WARNING]  * Debugger is active!
2024-11-24 01:14:21,531 [INFO]  * Debugger PIN: 351-652-179
2024-11-24 01:15:09,843 [INFO]  * Detected change in 'c:\\Users\\anish\\OneDrive\\Documents\\GitHub\\hackaTUM-2024\\API_Backend.py', reloading
2024-11-24 01:15:09,868 [INFO]  * Restarting with stat
2024-11-24 01:15:10,049 [INFO] Flask app initialized.
2024-11-24 01:15:10,062 [WARNING]  * Debugger is active!
2024-11-24 01:15:10,066 [INFO]  * Debugger PIN: 351-652-179
2024-11-24 01:15:21,227 [INFO]  * Detected change in 'c:\\Users\\anish\\OneDrive\\Documents\\GitHub\\hackaTUM-2024\\API_Backend.py', reloading
2024-11-24 01:15:21,256 [INFO]  * Restarting with stat
2024-11-24 01:15:21,448 [INFO] Flask app initialized.
2024-11-24 01:15:21,469 [WARNING]  * Debugger is active!
2024-11-24 01:15:21,473 [INFO]  * Debugger PIN: 351-652-179
